2025-08-31 12:35:46.101 [main] DEBUG org.apache.ibatis.logging.LogFactory - Logging initialized using 'class org.apache.ibatis.logging.slf4j.Slf4jImpl' adapter.
2025-08-31 12:35:52.362 [XNIO-1 task-2] DEBUG c.x.system.mapper.SysAdminMapper.selectByUsername - ==>  Preparing: SELECT id, username, password, real_name, email, phone, avatar, gender, status, last_login_time, last_login_ip, login_count, remark, create_time, update_time, create_by, update_by FROM sys_admin WHERE username = ? AND status != 2
2025-08-31 12:35:52.378 [XNIO-1 task-2] DEBUG c.x.system.mapper.SysAdminMapper.selectByUsername - ==> Parameters: admin(String)
2025-08-31 12:35:52.396 [XNIO-1 task-2] DEBUG c.x.system.mapper.SysAdminMapper.selectByUsername - <==      Total: 1
2025-08-31 12:35:52.481 [XNIO-1 task-2] DEBUG c.x.s.mapper.SysAdminMapper.updateLastLoginInfo - ==>  Preparing: UPDATE sys_admin SET last_login_time = ?, last_login_ip = ?, login_count = ?, update_time = NOW() WHERE id = ?
2025-08-31 12:35:52.482 [XNIO-1 task-2] DEBUG c.x.s.mapper.SysAdminMapper.updateLastLoginInfo - ==> Parameters: 2025-08-31T12:35:52.481733200(LocalDateTime), 0:0:0:0:0:0:0:1(String), 3(Integer), 1(Long)
2025-08-31 12:35:52.485 [XNIO-1 task-2] DEBUG c.x.s.mapper.SysAdminMapper.updateLastLoginInfo - <==    Updates: 1
2025-08-31 12:35:52.533 [XNIO-1 task-2] DEBUG com.xiaou.system.mapper.SysLoginLogMapper.insert - ==>  Preparing: INSERT INTO sys_login_log ( admin_id, username, login_ip, browser, os, login_status, login_message, login_time ) VALUES ( ?, ?, ?, ?, ?, ?, ?, ? )
2025-08-31 12:35:52.535 [XNIO-1 task-2] DEBUG com.xiaou.system.mapper.SysLoginLogMapper.insert - ==> Parameters: 1(Long), admin(String), 0:0:0:0:0:0:0:1(String), Unknown(String), Unknown(String), 0(Integer), 登录成功(String), 2025-08-31T12:35:52.351501(LocalDateTime)
2025-08-31 12:35:52.536 [XNIO-1 task-2] DEBUG com.xiaou.system.mapper.SysLoginLogMapper.insert - <==    Updates: 1
2025-08-31 12:35:52.538 [XNIO-1 task-2] DEBUG c.x.s.mapper.SysRoleMapper.selectRolesByAdminId - ==>  Preparing: SELECT r.id, r.role_name, r.role_code, r.description, r.status, r.sort_order, r.create_time, r.update_time, r.create_by, r.update_by FROM sys_role r INNER JOIN sys_admin_role ar ON r.id = ar.role_id WHERE ar.admin_id = ? AND r.status = 0 ORDER BY r.sort_order ASC
2025-08-31 12:35:52.538 [XNIO-1 task-2] DEBUG c.x.s.mapper.SysRoleMapper.selectRolesByAdminId - ==> Parameters: 1(Long)
2025-08-31 12:35:52.539 [XNIO-1 task-2] DEBUG c.x.s.mapper.SysRoleMapper.selectRolesByAdminId - <==      Total: 1
2025-08-31 12:35:52.540 [XNIO-1 task-2] DEBUG c.x.s.m.S.selectPermissionsByAdminId - ==>  Preparing: SELECT DISTINCT p.id, p.parent_id, p.permission_name, p.permission_code, p.permission_type, p.path, p.component, p.icon, p.sort_order, p.status, p.description, p.create_time, p.update_time, p.create_by, p.update_by FROM sys_permission p INNER JOIN sys_role_permission rp ON p.id = rp.permission_id INNER JOIN sys_admin_role ar ON rp.role_id = ar.role_id WHERE ar.admin_id = ? AND p.status = 0 ORDER BY p.parent_id ASC, p.sort_order ASC
2025-08-31 12:35:52.540 [XNIO-1 task-2] DEBUG c.x.s.m.S.selectPermissionsByAdminId - ==> Parameters: 1(Long)
2025-08-31 12:35:52.554 [XNIO-1 task-2] DEBUG c.x.s.m.S.selectPermissionsByAdminId - <==      Total: 21
2025-08-31 12:36:52.279 [main] DEBUG org.apache.ibatis.logging.LogFactory - Logging initialized using 'class org.apache.ibatis.logging.slf4j.Slf4jImpl' adapter.
2025-08-31 12:37:02.206 [XNIO-1 task-2] DEBUG c.x.system.mapper.SysAdminMapper.selectByUsername - ==>  Preparing: SELECT id, username, password, real_name, email, phone, avatar, gender, status, last_login_time, last_login_ip, login_count, remark, create_time, update_time, create_by, update_by FROM sys_admin WHERE username = ? AND status != 2
2025-08-31 12:37:02.222 [XNIO-1 task-2] DEBUG c.x.system.mapper.SysAdminMapper.selectByUsername - ==> Parameters: admin(String)
2025-08-31 12:37:02.239 [XNIO-1 task-2] DEBUG c.x.system.mapper.SysAdminMapper.selectByUsername - <==      Total: 1
2025-08-31 12:37:02.325 [XNIO-1 task-2] DEBUG c.x.s.mapper.SysAdminMapper.updateLastLoginInfo - ==>  Preparing: UPDATE sys_admin SET last_login_time = ?, last_login_ip = ?, login_count = ?, update_time = NOW() WHERE id = ?
2025-08-31 12:37:02.326 [XNIO-1 task-2] DEBUG c.x.s.mapper.SysAdminMapper.updateLastLoginInfo - ==> Parameters: 2025-08-31T12:37:02.325833600(LocalDateTime), 0:0:0:0:0:0:0:1(String), 4(Integer), 1(Long)
2025-08-31 12:37:02.330 [XNIO-1 task-2] DEBUG c.x.s.mapper.SysAdminMapper.updateLastLoginInfo - <==    Updates: 1
2025-08-31 12:37:02.377 [XNIO-1 task-2] DEBUG com.xiaou.system.mapper.SysLoginLogMapper.insert - ==>  Preparing: INSERT INTO sys_login_log ( admin_id, username, login_ip, browser, os, login_status, login_message, login_time ) VALUES ( ?, ?, ?, ?, ?, ?, ?, ? )
2025-08-31 12:37:02.378 [XNIO-1 task-2] DEBUG com.xiaou.system.mapper.SysLoginLogMapper.insert - ==> Parameters: 1(Long), admin(String), 0:0:0:0:0:0:0:1(String), Unknown(String), Unknown(String), 0(Integer), 登录成功(String), 2025-08-31T12:37:02.194389600(LocalDateTime)
2025-08-31 12:37:02.379 [XNIO-1 task-2] DEBUG com.xiaou.system.mapper.SysLoginLogMapper.insert - <==    Updates: 1
2025-08-31 12:37:02.380 [XNIO-1 task-2] DEBUG c.x.s.mapper.SysRoleMapper.selectRolesByAdminId - ==>  Preparing: SELECT r.id, r.role_name, r.role_code, r.description, r.status, r.sort_order, r.create_time, r.update_time, r.create_by, r.update_by FROM sys_role r INNER JOIN sys_admin_role ar ON r.id = ar.role_id WHERE ar.admin_id = ? AND r.status = 0 ORDER BY r.sort_order ASC
2025-08-31 12:37:02.381 [XNIO-1 task-2] DEBUG c.x.s.mapper.SysRoleMapper.selectRolesByAdminId - ==> Parameters: 1(Long)
2025-08-31 12:37:02.384 [XNIO-1 task-2] DEBUG c.x.s.mapper.SysRoleMapper.selectRolesByAdminId - <==      Total: 1
2025-08-31 12:37:02.384 [XNIO-1 task-2] DEBUG c.x.s.m.S.selectPermissionsByAdminId - ==>  Preparing: SELECT DISTINCT p.id, p.parent_id, p.permission_name, p.permission_code, p.permission_type, p.path, p.component, p.icon, p.sort_order, p.status, p.description, p.create_time, p.update_time, p.create_by, p.update_by FROM sys_permission p INNER JOIN sys_role_permission rp ON p.id = rp.permission_id INNER JOIN sys_admin_role ar ON rp.role_id = ar.role_id WHERE ar.admin_id = ? AND p.status = 0 ORDER BY p.parent_id ASC, p.sort_order ASC
2025-08-31 12:37:02.385 [XNIO-1 task-2] DEBUG c.x.s.m.S.selectPermissionsByAdminId - ==> Parameters: 1(Long)
2025-08-31 12:37:02.392 [XNIO-1 task-2] DEBUG c.x.s.m.S.selectPermissionsByAdminId - <==      Total: 21
